<?xml version="1.0" encoding="UTF-8"?>
<!-- Generated by org.testng.reporters.JUnitReportReporter -->
<testsuite skipped="0" hostname="IXED-LAP0263" name="com.package1.Test1" tests="1" failures="0" timestamp="09 May 2019 05:50:21 GMT" time="5.926" errors="0">
  <testcase name="testEasy" time="5.926" classname="com.package1.Test1"/>
</testsuite> <!-- com.package1.Test1 -->
